<?xml version="1.0" encoding="UTF-8"?>
<!-- Generated by org.testng.reporters.JUnitXMLReporter -->
<testsuite ignored="2" hostname="akshat-zala" failures="0" tests="8" name="Test" time="1.474" errors="0" timestamp="25 Aug 2020 13:39:45 GMT">
  <testcase classname="com.test.FirstTestNGDemo" name="@BeforeTest setUp" time="0.003">
    <failure type="java.lang.IllegalStateException" message="The driver executable does not exist: /home/akshatz/Documents/SeleniumMavenProject/chromedriver">
      <![CDATA[java.lang.IllegalStateException: The driver executable does not exist: /home/akshatz/Documents/SeleniumMavenProject/chromedriver
at com.google.common.base.Preconditions.checkState(Preconditions.java:585)
at org.openqa.selenium.remote.service.DriverService.checkExecutable(DriverService.java:146)
at org.openqa.selenium.remote.service.DriverService.findExecutable(DriverService.java:141)
at org.openqa.selenium.chrome.ChromeDriverService.access$000(ChromeDriverService.java:35)
at org.openqa.selenium.chrome.ChromeDriverService$Builder.findDefaultExecutable(ChromeDriverService.java:159)
at org.openqa.selenium.remote.service.DriverService$Builder.build(DriverService.java:355)
at org.openqa.selenium.chrome.ChromeDriverService.createDefaultService(ChromeDriverService.java:94)
at org.openqa.selenium.chrome.ChromeDriver.<init>(ChromeDriver.java:123)
at com.factory.DriverFactory.getDriver(DriverFactory.java:14)
at com.test.FirstTestNGDemo.setUp(FirstTestNGDemo.java:18)
... Removed 33 stack frames]]>
    </failure>
  </testcase> <!-- @BeforeTest setUp -->
  <testcase classname="com.test.GoogleTestCases" name="@BeforeTest beforeTest" time="0.0">
    <skipped/>
  </testcase> <!-- @BeforeTest beforeTest -->
  <testcase classname="com.test.FacebookTestCases" name="@AfterTest afterTest" time="0.0">
    <skipped/>
  </testcase> <!-- @AfterTest afterTest -->
  <testcase classname="com.test.FirstTestNGDemo" name="@AfterTest closeBrowser" time="0.0">
    <skipped/>
  </testcase> <!-- @AfterTest closeBrowser -->
  <testcase classname="com.test.GoogleTestCases" name="@AfterTest afterTest" time="0.0">
    <skipped/>
  </testcase> <!-- @AfterTest afterTest -->
  <testcase classname="com.test.FirstTestNGDemo" name="openURL" time="0.0">
    <skipped/>
  </testcase> <!-- openURL -->
  <testcase classname="com.test.FirstTestNGDemo" name="canTestUnSuccessfulLogin" time="0.0">
    <skipped/>
  </testcase> <!-- canTestUnSuccessfulLogin -->
  <testcase classname="com.test.FirstTestNGDemo" name="canTestSuccessfulLogin" time="0.0">
    <skipped/>
  </testcase> <!-- canTestSuccessfulLogin -->
  <testcase classname="com.test.FirstTestNGDemo" name="canTestNewCustomerLink" time="0.0">
    <skipped/>
  </testcase> <!-- canTestNewCustomerLink -->
  <testcase classname="com.test.GoogleTestCases" name="openGoogleURL" time="0.0">
    <skipped/>
  </testcase> <!-- openGoogleURL -->
  <testcase classname="com.test.GoogleTestCases" name="test" time="0.0">
    <skipped/>
  </testcase> <!-- test -->
  <testcase classname="com.test.GoogleTestCases" name="searchText" time="0.0">
    <skipped/>
  </testcase> <!-- searchText -->
  <testcase classname="com.test.FacebookTestCases" name="openFacebookURL" time="0.0">
    <skipped/>
  </testcase> <!-- openFacebookURL -->
  <testcase classname="com.test.GoogleTestCases" name="clickOnFirstLink" time="0.0">
    <ignored/>
  </testcase> <!-- clickOnFirstLink -->
  <testcase classname="com.test.FacebookTestCases" name="changeLanguage" time="0.0">
    <ignored/>
  </testcase> <!-- changeLanguage -->
</testsuite> <!-- Test -->
